#
# There is insufficient memory for the Java Runtime Environment to continue.
# Native memory allocation (mmap) failed to map 12582912 bytes. Error detail: G1 virtual space
# Possible reasons:
#   The system is out of physical RAM or swap space
#   This process is running with CompressedOops enabled, and the Java Heap may be blocking the growth of the native heap
# Possible solutions:
#   Reduce memory load on the system
#   Increase physical memory or swap space
#   Check if swap backing store is full
#   Decrease Java heap size (-Xmx/-Xms)
#   Decrease number of Java threads
#   Decrease Java thread stack sizes (-Xss)
#   Set larger code cache with -XX:ReservedCodeCacheSize=
#   JVM is running with Unscaled Compressed Oops mode in which the Java heap is
#     placed in the first 4GB address space. The Java Heap base address is the
#     maximum limit for the native heap growth. Please use -XX:HeapBaseMinAddress
#     to set the Java Heap base and to place the Java Heap above 4GB virtual address.
# This output file may be truncated or incomplete.
#
#  Out of Memory Error (os_windows.cpp:3736), pid=22660, tid=22808
#
# JRE version: OpenJDK Runtime Environment Microsoft-11369940 (21.0.7+6) (build 21.0.7+6-LTS)
# Java VM: OpenJDK 64-Bit Server VM Microsoft-11369940 (21.0.7+6-LTS, mixed mode, emulated-client, sharing, tiered, compressed oops, compressed class ptrs, g1 gc, windows-amd64)
# No core dump will be written. Minidumps are not enabled by default on client versions of Windows
#

---------------  S U M M A R Y ------------

Command Line: -XX:TieredStopAtLevel=1 -Dspring.output.ansi.enabled=always -Dcom.sun.management.jmxremote -Dspring.jmx.enabled=true -Dspring.liveBeansView.mbeanDomain -Dspring.application.admin.enabled=true -Dmanagement.endpoints.jmx.exposure.include=* -javaagent:C:\Program Files\JetBrains\IntelliJ IDEA 2024.2.4\lib\idea_rt.jar=54502:C:\Program Files\JetBrains\IntelliJ IDEA 2024.2.4\bin -Dfile.encoding=UTF-8 -Dsun.stdout.encoding=UTF-8 -Dsun.stderr.encoding=UTF-8 nl.novi.backendeindopdracht.BackendEindopdrachtApplication

Host: Intel(R) Core(TM) i5-9400 CPU @ 2.90GHz, 6 cores, 7G,  Windows 11 , 64 bit Build 26100 (10.0.26100.7920)
Time: Thu Mar 19 22:41:32 2026 West-Europa (standaardtijd) elapsed time: 43.622513 seconds (0d 0h 0m 43s)

---------------  T H R E A D  ---------------

Current thread (0x000001a3ad96bde0):  VMThread "VM Thread"          [id=22808, stack(0x0000008dbe900000,0x0000008dbea00000) (1024K)]

Stack: [0x0000008dbe900000,0x0000008dbea00000]
Native frames: (J=compiled Java code, j=interpreted, Vv=VM code, C=native code)
V  [jvm.dll+0x6d4bb9]
V  [jvm.dll+0x8afa11]
V  [jvm.dll+0x8b1f3e]
V  [jvm.dll+0x8b2623]
V  [jvm.dll+0x280816]
V  [jvm.dll+0x6d1385]
V  [jvm.dll+0x6c552a]
V  [jvm.dll+0x35b978]
V  [jvm.dll+0x3635f6]
V  [jvm.dll+0x3b4b9e]
V  [jvm.dll+0x3b4e48]
V  [jvm.dll+0x32f9bc]
V  [jvm.dll+0x32fa47]
V  [jvm.dll+0x373aec]
V  [jvm.dll+0x3722f8]
V  [jvm.dll+0x32f181]
V  [jvm.dll+0x37195a]
V  [jvm.dll+0x8b834f]
V  [jvm.dll+0x8b9704]
V  [jvm.dll+0x8b9c40]
V  [jvm.dll+0x8b9ee3]
V  [jvm.dll+0x85916b]
V  [jvm.dll+0x6d327d]
C  [ucrtbase.dll+0x37b0]
C  [KERNEL32.DLL+0x2e8d7]
C  [ntdll.dll+0x8c48c]

VM_Operation (0x0000008dc08f88d0): G1CollectForAllocation, mode: safepoint, requested by thread 0x000001a3f55e8d30


---------------  P R O C E S S  ---------------

Threads class SMR info:
_java_thread_list=0x000001a3f65b4a20, length=34, elements={
0x000001a3ad98a1b0, 0x000001a3ad98cc10, 0x000001a3ad98fd10, 0x000001a3ad991e40,
0x000001a3ad993400, 0x000001a3ad993e50, 0x000001a3ad99bc20, 0x000001a3ad95bf60,
0x000001a3addde7e0, 0x000001a3f317ddc0, 0x000001a3f3361480, 0x000001a3f3b821c0,
0x000001a3f3bef7b0, 0x000001a3f3bf09e0, 0x000001a3f3d000d0, 0x000001a3f3d00760,
0x000001a3f3d00df0, 0x000001a3f3cfd970, 0x000001a3f3cfe000, 0x000001a3f55e9a50,
0x000001a3f55e8d30, 0x000001a3f55e86a0, 0x000001a3f55ea0e0, 0x000001a3f55e8010,
0x000001a3f55ed560, 0x000001a3f55ee280, 0x000001a3f55eb490, 0x000001a3f55edbf0,
0x000001a3f55eae00, 0x000001a3f55ebb20, 0x000001a3f55ec1b0, 0x000001a3f55ec840,
0x000001a3f55eced0, 0x000001a3f32165e0
}

Java Threads: ( => current thread )
  0x000001a3ad98a1b0 JavaThread "Reference Handler"          daemon [_thread_blocked, id=26016, stack(0x0000008dbea00000,0x0000008dbeb00000) (1024K)]
  0x000001a3ad98cc10 JavaThread "Finalizer"                  daemon [_thread_blocked, id=23604, stack(0x0000008dbeb00000,0x0000008dbec00000) (1024K)]
  0x000001a3ad98fd10 JavaThread "Signal Dispatcher"          daemon [_thread_blocked, id=19616, stack(0x0000008dbec00000,0x0000008dbed00000) (1024K)]
  0x000001a3ad991e40 JavaThread "Attach Listener"            daemon [_thread_blocked, id=7776, stack(0x0000008dbed00000,0x0000008dbee00000) (1024K)]
  0x000001a3ad993400 JavaThread "Service Thread"             daemon [_thread_blocked, id=19736, stack(0x0000008dbee00000,0x0000008dbef00000) (1024K)]
  0x000001a3ad993e50 JavaThread "Monitor Deflation Thread"   daemon [_thread_blocked, id=25888, stack(0x0000008dbef00000,0x0000008dbf000000) (1024K)]
  0x000001a3ad99bc20 JavaThread "C1 CompilerThread0"         daemon [_thread_blocked, id=29452, stack(0x0000008dbf000000,0x0000008dbf100000) (1024K)]
  0x000001a3ad95bf60 JavaThread "Common-Cleaner"             daemon [_thread_blocked, id=28396, stack(0x0000008dbf100000,0x0000008dbf200000) (1024K)]
  0x000001a3addde7e0 JavaThread "Monitor Ctrl-Break"         daemon [_thread_in_native, id=15104, stack(0x0000008dbf400000,0x0000008dbf500000) (1024K)]
  0x000001a3f317ddc0 JavaThread "Notification Thread"        daemon [_thread_blocked, id=26388, stack(0x0000008dbf500000,0x0000008dbf600000) (1024K)]
  0x000001a3f3361480 JavaThread "RMI TCP Accept-0"           daemon [_thread_in_native, id=16664, stack(0x0000008dbf600000,0x0000008dbf700000) (1024K)]
  0x000001a3f3b821c0 JavaThread "RMI TCP Connection(idle)"   daemon [_thread_blocked, id=13496, stack(0x0000008dbfc00000,0x0000008dbfd00000) (1024K)]
  0x000001a3f3bef7b0 JavaThread "RMI Scheduler(0)"           daemon [_thread_blocked, id=12708, stack(0x0000008dbfd00000,0x0000008dbfe00000) (1024K)]
  0x000001a3f3bf09e0 JavaThread "JMX server connection timeout 30" daemon [_thread_blocked, id=2832, stack(0x0000008dbfe00000,0x0000008dbff00000) (1024K)]
  0x000001a3f3d000d0 JavaThread "Catalina-utility-1"                [_thread_blocked, id=3384, stack(0x0000008dbff00000,0x0000008dc0000000) (1024K)]
  0x000001a3f3d00760 JavaThread "Catalina-utility-2"                [_thread_blocked, id=30240, stack(0x0000008dc0100000,0x0000008dc0200000) (1024K)]
  0x000001a3f3d00df0 JavaThread "container-0"                       [_thread_blocked, id=7816, stack(0x0000008dc0200000,0x0000008dc0300000) (1024K)]
  0x000001a3f3cfd970 JavaThread "mysql-cj-abandoned-connection-cleanup" daemon [_thread_blocked, id=30408, stack(0x0000008dc0300000,0x0000008dc0400000) (1024K)]
  0x000001a3f3cfe000 JavaThread "PostgreSQL-JDBC-Cleaner"    daemon [_thread_blocked, id=26644, stack(0x0000008dc0500000,0x0000008dc0600000) (1024K)]
  0x000001a3f55e9a50 JavaThread "HikariPool-1:housekeeper"   daemon [_thread_blocked, id=28776, stack(0x0000008dc0600000,0x0000008dc0700000) (1024K)]
  0x000001a3f55e8d30 JavaThread "http-nio-8080-exec-1"       daemon [_thread_blocked, id=2800, stack(0x0000008dc0800000,0x0000008dc0900000) (1024K)]
  0x000001a3f55e86a0 JavaThread "http-nio-8080-exec-2"       daemon [_thread_blocked, id=27916, stack(0x0000008dc0900000,0x0000008dc0a00000) (1024K)]
  0x000001a3f55ea0e0 JavaThread "http-nio-8080-exec-3"       daemon [_thread_blocked, id=24724, stack(0x0000008dc0a00000,0x0000008dc0b00000) (1024K)]
  0x000001a3f55e8010 JavaThread "http-nio-8080-exec-4"       daemon [_thread_blocked, id=29976, stack(0x0000008dc0b00000,0x0000008dc0c00000) (1024K)]
  0x000001a3f55ed560 JavaThread "http-nio-8080-exec-5"       daemon [_thread_blocked, id=23852, stack(0x0000008dc0c00000,0x0000008dc0d00000) (1024K)]
  0x000001a3f55ee280 JavaThread "http-nio-8080-exec-6"       daemon [_thread_blocked, id=10184, stack(0x0000008dc0d00000,0x0000008dc0e00000) (1024K)]
  0x000001a3f55eb490 JavaThread "http-nio-8080-exec-7"       daemon [_thread_blocked, id=25312, stack(0x0000008dc0e00000,0x0000008dc0f00000) (1024K)]
  0x000001a3f55edbf0 JavaThread "http-nio-8080-exec-8"       daemon [_thread_blocked, id=19312, stack(0x0000008dc0f00000,0x0000008dc1000000) (1024K)]
  0x000001a3f55eae00 JavaThread "http-nio-8080-exec-9"       daemon [_thread_blocked, id=13856, stack(0x0000008dc1000000,0x0000008dc1100000) (1024K)]
  0x000001a3f55ebb20 JavaThread "http-nio-8080-exec-10"      daemon [_thread_blocked, id=26376, stack(0x0000008dc1100000,0x0000008dc1200000) (1024K)]
  0x000001a3f55ec1b0 JavaThread "http-nio-8080-Poller"       daemon [_thread_in_native, id=25864, stack(0x0000008dc1200000,0x0000008dc1300000) (1024K)]
  0x000001a3f55ec840 JavaThread "http-nio-8080-Acceptor"     daemon [_thread_in_native, id=5984, stack(0x0000008dc1300000,0x0000008dc1400000) (1024K)]
  0x000001a3f55eced0 JavaThread "DestroyJavaVM"                     [_thread_blocked, id=1652, stack(0x0000008dbe200000,0x0000008dbe300000) (1024K)]
  0x000001a3f32165e0 JavaThread "RMI TCP Connection(2)-192.168.2.102" daemon [_thread_in_native, id=28732, stack(0x0000008dc1600000,0x0000008dc1700000) (1024K)]
Total: 34

Other Threads:
=>0x000001a3ad96bde0 VMThread "VM Thread"                           [id=22808, stack(0x0000008dbe900000,0x0000008dbea00000) (1024K)]
  0x000001a3ad95b280 WatcherThread "VM Periodic Task Thread"        [id=26172, stack(0x0000008dbe800000,0x0000008dbe900000) (1024K)]
  0x000001a39d3a3ac0 WorkerThread "GC Thread#0"                     [id=8280, stack(0x0000008dbe300000,0x0000008dbe400000) (1024K)]
  0x000001a3f343ed30 WorkerThread "GC Thread#1"                     [id=24272, stack(0x0000008dbf700000,0x0000008dbf800000) (1024K)]
  0x000001a3f343f0d0 WorkerThread "GC Thread#2"                     [id=21000, stack(0x0000008dbf800000,0x0000008dbf900000) (1024K)]
  0x000001a3f34aec00 WorkerThread "GC Thread#3"                     [id=29544, stack(0x0000008dbf900000,0x0000008dbfa00000) (1024K)]
  0x000001a3f34aefa0 WorkerThread "GC Thread#4"                     [id=24308, stack(0x0000008dbfa00000,0x0000008dbfb00000) (1024K)]
  0x000001a3f34af340 WorkerThread "GC Thread#5"                     [id=7788, stack(0x0000008dbfb00000,0x0000008dbfc00000) (1024K)]
  0x000001a39d3b43b0 ConcurrentGCThread "G1 Main Marker"            [id=27172, stack(0x0000008dbe400000,0x0000008dbe500000) (1024K)]
  0x000001a39d3b4cc0 WorkerThread "G1 Conc#0"                       [id=30500, stack(0x0000008dbe500000,0x0000008dbe600000) (1024K)]
  0x000001a3f4304d00 WorkerThread "G1 Conc#1"                       [id=588, stack(0x0000008dc0000000,0x0000008dc0100000) (1024K)]
  0x000001a39d3fe2a0 ConcurrentGCThread "G1 Refine#0"               [id=11744, stack(0x0000008dbe600000,0x0000008dbe700000) (1024K)]
  0x000001a39d3feac0 ConcurrentGCThread "G1 Service"                [id=13984, stack(0x0000008dbe700000,0x0000008dbe800000) (1024K)]
Total: 13

Threads with active compile tasks:
Total: 0

VM state: at safepoint (normal execution)

VM Mutex/Monitor currently owned by a thread:  ([mutex/lock_event])
[0x00007ff821db6478] Threads_lock - owner thread: 0x000001a3ad96bde0
[0x00007ff821db6578] Heap_lock - owner thread: 0x000001a3f55e8d30

Heap address: 0x0000000082800000, size: 2008 MB, Compressed Oops mode: 32-bit

CDS archive(s) mapped at: [0x000001a3ae000000-0x000001a3aec80000-0x000001a3aec80000), size 13107200, SharedBaseAddress: 0x000001a3ae000000, ArchiveRelocationMode: 1.
Compressed class space mapped at: 0x000001a3af000000-0x000001a3ef000000, reserved size: 1073741824
Narrow klass base: 0x000001a3ae000000, Narrow klass shift: 0, Narrow klass range: 0x100000000

GC Precious Log:
 CardTable entry size: 512
 Card Set container configuration: InlinePtr #cards 5 size 8 Array Of Cards #cards 12 size 40 Howl #buckets 4 coarsen threshold 1843 Howl Bitmap #cards 512 size 80 coarsen threshold 460 Card regions per heap region 1 cards per card region 2048
 CPUs: 6 total, 6 available
 Memory: 8028M
 Large Page Support: Disabled
 NUMA Support: Disabled
 Compressed Oops: Enabled (32-bit)
 Heap Region Size: 1M
 Heap Min Capacity: 8M
 Heap Initial Capacity: 126M
 Heap Max Capacity: 2008M
 Pre-touch: Disabled
 Parallel Workers: 6
 Concurrent Workers: 2
 Concurrent Refinement Workers: 6
 Periodic GC: Disabled

Heap:
 garbage-first heap   total 61440K, used 36859K [0x0000000082800000, 0x0000000100000000)
  region size 1024K, 2 young (2048K), 2 survivors (2048K)
 Metaspace       used 78226K, committed 79040K, reserved 1179648K
  class space    used 11010K, committed 11392K, reserved 1048576K

Heap Regions: E=young(eden), S=young(survivor), O=old, HS=humongous(starts), HC=humongous(continues), CS=collection set, F=free, TAMS=top-at-mark-start, PB=parsable bottom
|   0|0x0000000082800000, 0x0000000082900000, 0x0000000082900000|100%|HS|  |TAMS 0x0000000082900000| PB 0x0000000082800000| Complete 
|   1|0x0000000082900000, 0x0000000082a00000, 0x0000000082a00000|100%|HS|  |TAMS 0x0000000082a00000| PB 0x0000000082900000| Complete 
|   2|0x0000000082a00000, 0x0000000082b00000, 0x0000000082b00000|100%| O|  |TAMS 0x0000000082b00000| PB 0x0000000082a00000| Untracked 
|   3|0x0000000082b00000, 0x0000000082c00000, 0x0000000082c00000|100%| O|  |TAMS 0x0000000082c00000| PB 0x0000000082b00000| Untracked 
|   4|0x0000000082c00000, 0x0000000082d00000, 0x0000000082d00000|100%| O|  |TAMS 0x0000000082d00000| PB 0x0000000082c00000| Untracked 
|   5|0x0000000082d00000, 0x0000000082e00000, 0x0000000082e00000|100%| O|  |TAMS 0x0000000082e00000| PB 0x0000000082d00000| Untracked 
|   6|0x0000000082e00000, 0x0000000082f00000, 0x0000000082f00000|100%| O|  |TAMS 0x0000000082f00000| PB 0x0000000082e00000| Untracked 
|   7|0x0000000082f00000, 0x0000000083000000, 0x0000000083000000|100%| O|  |TAMS 0x0000000083000000| PB 0x0000000082f00000| Untracked 
|   8|0x0000000083000000, 0x0000000083100000, 0x0000000083100000|100%| O|  |TAMS 0x0000000083100000| PB 0x0000000083000000| Untracked 
|   9|0x0000000083100000, 0x0000000083200000, 0x0000000083200000|100%| O|  |TAMS 0x0000000083200000| PB 0x0000000083100000| Untracked 
|  10|0x0000000083200000, 0x0000000083300000, 0x0000000083300000|100%| O|  |TAMS 0x0000000083300000| PB 0x0000000083200000| Untracked 
|  11|0x0000000083300000, 0x0000000083400000, 0x0000000083400000|100%| O|  |TAMS 0x0000000083400000| PB 0x0000000083300000| Untracked 
|  12|0x0000000083400000, 0x0000000083500000, 0x0000000083500000|100%| O|  |TAMS 0x0000000083500000| PB 0x0000000083400000| Untracked 
|  13|0x0000000083500000, 0x0000000083600000, 0x0000000083600000|100%| O|  |TAMS 0x0000000083600000| PB 0x0000000083500000| Untracked 
|  14|0x0000000083600000, 0x0000000083700000, 0x0000000083700000|100%| O|  |TAMS 0x0000000083700000| PB 0x0000000083600000| Untracked 
|  15|0x0000000083700000, 0x0000000083800000, 0x0000000083800000|100%| O|  |TAMS 0x0000000083800000| PB 0x0000000083700000| Untracked 
|  16|0x0000000083800000, 0x0000000083900000, 0x0000000083900000|100%| O|  |TAMS 0x0000000083900000| PB 0x0000000083800000| Untracked 
|  17|0x0000000083900000, 0x0000000083a00000, 0x0000000083a00000|100%| O|  |TAMS 0x0000000083a00000| PB 0x0000000083900000| Untracked 
|  18|0x0000000083a00000, 0x0000000083b00000, 0x0000000083b00000|100%| O|  |TAMS 0x0000000083b00000| PB 0x0000000083a00000| Untracked 
|  19|0x0000000083b00000, 0x0000000083c00000, 0x0000000083c00000|100%| O|  |TAMS 0x0000000083c00000| PB 0x0000000083b00000| Untracked 
|  20|0x0000000083c00000, 0x0000000083d00000, 0x0000000083d00000|100%| O|  |TAMS 0x0000000083d00000| PB 0x0000000083c00000| Untracked 
|  21|0x0000000083d00000, 0x0000000083e00000, 0x0000000083e00000|100%| O|  |TAMS 0x0000000083e00000| PB 0x0000000083d00000| Untracked 
|  22|0x0000000083e00000, 0x0000000083f00000, 0x0000000083f00000|100%| O|  |TAMS 0x0000000083f00000| PB 0x0000000083e00000| Untracked 
|  23|0x0000000083f00000, 0x0000000084000000, 0x0000000084000000|100%| O|  |TAMS 0x0000000084000000| PB 0x0000000083f00000| Untracked 
|  24|0x0000000084000000, 0x0000000084100000, 0x0000000084100000|100%| O|  |TAMS 0x0000000084000000| PB 0x0000000084000000| Untracked 
|  25|0x0000000084100000, 0x0000000084200000, 0x0000000084200000|100%| O|  |TAMS 0x0000000084200000| PB 0x0000000084100000| Untracked 
|  26|0x0000000084200000, 0x0000000084300000, 0x0000000084300000|100%| O|  |TAMS 0x0000000084300000| PB 0x0000000084200000| Untracked 
|  27|0x0000000084300000, 0x0000000084400000, 0x0000000084400000|100%| O|  |TAMS 0x0000000084400000| PB 0x0000000084300000| Untracked 
|  28|0x0000000084400000, 0x0000000084500000, 0x0000000084500000|100%| O|  |TAMS 0x0000000084500000| PB 0x0000000084400000| Untracked 
|  29|0x0000000084500000, 0x0000000084600000, 0x0000000084600000|100%| O|  |TAMS 0x000000008458b788| PB 0x0000000084500000| Untracked 
|  30|0x0000000084600000, 0x0000000084700000, 0x0000000084700000|100%| O|  |TAMS 0x0000000084700000| PB 0x0000000084600000| Untracked 
|  31|0x0000000084700000, 0x0000000084800000, 0x0000000084800000|100%| O|  |TAMS 0x0000000084800000| PB 0x0000000084700000| Untracked 
|  32|0x0000000084800000, 0x0000000084900000, 0x0000000084900000|100%| O|  |TAMS 0x0000000084900000| PB 0x0000000084800000| Untracked 
|  33|0x0000000084900000, 0x0000000084a00000, 0x0000000084a00000|100%| O|  |TAMS 0x0000000084900000| PB 0x0000000084900000| Untracked 
|  34|0x0000000084a00000, 0x0000000084a00000, 0x0000000084b00000|  0%| F|  |TAMS 0x0000000084a00000| PB 0x0000000084a00000| Untracked 
|  35|0x0000000084b00000, 0x0000000084b00000, 0x0000000084c00000|  0%| F|  |TAMS 0x0000000084b00000| PB 0x0000000084b00000| Untracked 
|  36|0x0000000084c00000, 0x0000000084c00000, 0x0000000084d00000|  0%| F|  |TAMS 0x0000000084c00000| PB 0x0000000084c00000| Untracked 
|  37|0x0000000084d00000, 0x0000000084d982a8, 0x0000000084e00000| 59%| O|  |TAMS 0x0000000084d00000| PB 0x0000000084d00000| Untracked 
|  38|0x0000000084e00000, 0x0000000084e00000, 0x0000000084f00000|  0%| F|  |TAMS 0x0000000084e00000| PB 0x0000000084e00000| Untracked 
|  39|0x0000000084f00000, 0x0000000084f66ce0, 0x0000000085000000| 40%| S|CS|TAMS 0x0000000084f00000| PB 0x0000000084f00000| Complete 
|  40|0x0000000085000000, 0x0000000085100000, 0x0000000085100000|100%| S|CS|TAMS 0x0000000085000000| PB 0x0000000085000000| Complete 
|  41|0x0000000085100000, 0x0000000085100000, 0x0000000085200000|  0%| F|  |TAMS 0x0000000085100000| PB 0x0000000085100000| Untracked 
|  42|0x0000000085200000, 0x0000000085200000, 0x0000000085300000|  0%| F|  |TAMS 0x0000000085200000| PB 0x0000000085200000| Untracked 
|  43|0x0000000085300000, 0x0000000085300000, 0x0000000085400000|  0%| F|  |TAMS 0x0000000085300000| PB 0x0000000085300000| Untracked 
|  44|0x0000000085400000, 0x0000000085400000, 0x0000000085500000|  0%| F|  |TAMS 0x0000000085400000| PB 0x0000000085400000| Untracked 
|  45|0x0000000085500000, 0x0000000085500000, 0x0000000085600000|  0%| F|  |TAMS 0x0000000085500000| PB 0x0000000085500000| Untracked 
|  46|0x0000000085600000, 0x0000000085600000, 0x0000000085700000|  0%| F|  |TAMS 0x0000000085600000| PB 0x0000000085600000| Untracked 
|  47|0x0000000085700000, 0x0000000085700000, 0x0000000085800000|  0%| F|  |TAMS 0x0000000085700000| PB 0x0000000085700000| Untracked 
|  48|0x0000000085800000, 0x0000000085800000, 0x0000000085900000|  0%| F|  |TAMS 0x0000000085800000| PB 0x0000000085800000| Untracked 
|  49|0x0000000085900000, 0x0000000085900000, 0x0000000085a00000|  0%| F|  |TAMS 0x0000000085900000| PB 0x0000000085900000| Untracked 
|  50|0x0000000085a00000, 0x0000000085a00000, 0x0000000085b00000|  0%| F|  |TAMS 0x0000000085a00000| PB 0x0000000085a00000| Untracked 
|  51|0x0000000085b00000, 0x0000000085b00000, 0x0000000085c00000|  0%| F|  |TAMS 0x0000000085b00000| PB 0x0000000085b00000| Untracked 
|  52|0x0000000085c00000, 0x0000000085c00000, 0x0000000085d00000|  0%| F|  |TAMS 0x0000000085c00000| PB 0x0000000085c00000| Untracked 
|  84|0x0000000087c00000, 0x0000000087c00000, 0x0000000087d00000|  0%| F|  |TAMS 0x0000000087c00000| PB 0x0000000087c00000| Untracked 
|  85|0x0000000087d00000, 0x0000000087d00000, 0x0000000087e00000|  0%| F|  |TAMS 0x0000000087d00000| PB 0x0000000087d00000| Untracked 
|  86|0x0000000087e00000, 0x0000000087e00000, 0x0000000087f00000|  0%| F|  |TAMS 0x0000000087e00000| PB 0x0000000087e00000| Untracked 
|  87|0x0000000087f00000, 0x0000000087f00000, 0x0000000088000000|  0%| F|  |TAMS 0x0000000087f00000| PB 0x0000000087f00000| Untracked 
|  88|0x0000000088000000, 0x0000000088000000, 0x0000000088100000|  0%| F|  |TAMS 0x0000000088000000| PB 0x0000000088000000| Untracked 
|  89|0x0000000088100000, 0x0000000088100000, 0x0000000088200000|  0%| F|  |TAMS 0x0000000088100000| PB 0x0000000088100000| Untracked 
| 125|0x000000008a500000, 0x000000008a500000, 0x000000008a600000|  0%| F|  |TAMS 0x000000008a500000| PB 0x000000008a500000| Untracked 

Card table byte_map: [0x000001a3a8e20000,0x000001a3a9210000] _byte_map_base: 0x000001a3a8a0c000

Marking Bits: (CMBitMap*) 0x000001a39d3a3fd0
 Bits: [0x000001a3a9210000, 0x000001a3ab170000)

Polling page: 0x000001a39cb00000

Metaspace:

Usage:
  Non-class:     65.64 MB used.
      Class:     10.75 MB used.
       Both:     76.39 MB used.

Virtual space:
  Non-class space:      128.00 MB reserved,      66.06 MB ( 52%) committed,  2 nodes.
      Class space:        1.00 GB reserved,      11.12 MB (  1%) committed,  1 nodes.
             Both:        1.12 GB reserved,      77.19 MB (  7%) committed. 

Chunk freelists:
   Non-Class:  13.69 MB
       Class:  4.80 MB
        Both:  18.49 MB

MaxMetaspaceSize: unlimited
CompressedClassSpaceSize: 1.00 GB
Initial GC threshold: 21.00 MB
Current GC threshold: 115.00 MB
CDS: on
 - commit_granule_bytes: 65536.
 - commit_granule_words: 8192.
 - virtual_space_node_default_size: 8388608.
 - enlarge_chunks_in_place: 1.
 - use_allocation_guard: 0.


Internal statistics:

num_allocs_failed_limit: 6.
num_arena_births: 1242.
num_arena_deaths: 0.
num_vsnodes_births: 3.
num_vsnodes_deaths: 0.
num_space_committed: 1235.
num_space_uncommitted: 0.
num_chunks_returned_to_freelist: 6.
num_chunks_taken_from_freelist: 4026.
num_chunk_merges: 6.
num_chunk_splits: 2936.
num_chunks_enlarged: 2321.
num_inconsistent_stats: 0.

CodeCache: size=49152Kb used=11316Kb max_used=12209Kb free=37836Kb
 bounds [0x000001a3a5a30000, 0x000001a3a6620000, 0x000001a3a8a30000]
 total_blobs=7157 nmethods=6436 adapters=644
 compilation: enabled
              stopped_count=0, restarted_count=0
 full_count=0

Compilation events (20 events):
Event: 41.399 Thread 0x000001a3ad99bc20 6503       1       java.lang.invoke.VarHandleReferences$Array::setRelease (61 bytes)
Event: 41.399 Thread 0x000001a3ad99bc20 nmethod 6503 0x000001a3a5c67a10 code [0x000001a3a5c67c40, 0x000001a3a5c682e8]
Event: 41.399 Thread 0x000001a3ad99bc20 6504       1       java.lang.invoke.VarHandleReferences$Array::runtimeTypeCheck (26 bytes)
Event: 41.400 Thread 0x000001a3ad99bc20 nmethod 6504 0x000001a3a5c67090 code [0x000001a3a5c672a0, 0x000001a3a5c676d0]
Event: 41.721 Thread 0x000001a3ad99bc20 6506       1       org.springframework.security.crypto.bcrypt.BCrypt::streamtowords (111 bytes)
Event: 41.721 Thread 0x000001a3ad99bc20 nmethod 6506 0x000001a3a5c65690 code [0x000001a3a5c65840, 0x000001a3a5c65ae8]
Event: 41.721 Thread 0x000001a3ad99bc20 6507       1       org.springframework.security.crypto.bcrypt.BCrypt::streamtoword (17 bytes)
Event: 41.721 Thread 0x000001a3ad99bc20 nmethod 6507 0x000001a3a5c65210 code [0x000001a3a5c653c0, 0x000001a3a5c65550]
Event: 41.721 Thread 0x000001a3ad99bc20 6508       1       org.springframework.security.crypto.bcrypt.BCrypt::encipher (253 bytes)
Event: 41.721 Thread 0x000001a3ad99bc20 nmethod 6508 0x000001a3a5c64990 code [0x000001a3a5c64b60, 0x000001a3a5c64f28]
Event: 41.727 Thread 0x000001a3ad99bc20 6509       1       org.springframework.security.crypto.bcrypt.BCrypt::key (196 bytes)
Event: 41.728 Thread 0x000001a3ad99bc20 nmethod 6509 0x000001a3a5c63b90 code [0x000001a3a5c63da0, 0x000001a3a5c64480]
Event: 41.948 Thread 0x000001a3ad99bc20 6510       1       java.util.ComparableTimSort::sort (219 bytes)
Event: 41.948 Thread 0x000001a3ad99bc20 nmethod 6510 0x000001a3a5c63210 code [0x000001a3a5c63420, 0x000001a3a5c63828]
Event: 41.948 Thread 0x000001a3ad99bc20 6511       1       com.sun.jmx.mbeanserver.NamedObject::getObject (5 bytes)
Event: 41.948 Thread 0x000001a3ad99bc20 nmethod 6511 0x000001a3a5c62f10 code [0x000001a3a5c630a0, 0x000001a3a5c63168]
Event: 41.948 Thread 0x000001a3ad99bc20 6512       1       java.io.ObjectStreamClass::getVariantFor (51 bytes)
Event: 41.949 Thread 0x000001a3ad99bc20 nmethod 6512 0x000001a3a5c62a90 code [0x000001a3a5c62c60, 0x000001a3a5c62e58]
Event: 41.949 Thread 0x000001a3ad99bc20 6513       1       java.io.ObjectStreamClass$ClassDataSlot::<init> (15 bytes)
Event: 41.949 Thread 0x000001a3ad99bc20 nmethod 6513 0x000001a3a5c62790 code [0x000001a3a5c62920, 0x000001a3a5c62a38]

GC Heap History (20 events):
Event: 8.456 GC heap after
{Heap after GC invocations=9 (full 0):
 garbage-first heap   total 51200K, used 23102K [0x0000000082800000, 0x0000000100000000)
  region size 1024K, 2 young (2048K), 2 survivors (2048K)
 Metaspace       used 35452K, committed 36096K, reserved 1114112K
  class space    used 4865K, committed 5184K, reserved 1048576K
}
Event: 9.206 GC heap before
{Heap before GC invocations=10 (full 0):
 garbage-first heap   total 51200K, used 42558K [0x0000000082800000, 0x0000000100000000)
  region size 1024K, 21 young (21504K), 2 survivors (2048K)
 Metaspace       used 39393K, committed 40128K, reserved 1114112K
  class space    used 5635K, committed 5952K, reserved 1048576K
}
Event: 9.208 GC heap after
{Heap after GC invocations=11 (full 0):
 garbage-first heap   total 51200K, used 24767K [0x0000000082800000, 0x0000000100000000)
  region size 1024K, 3 young (3072K), 3 survivors (3072K)
 Metaspace       used 39393K, committed 40128K, reserved 1114112K
  class space    used 5635K, committed 5952K, reserved 1048576K
}
Event: 9.639 GC heap before
{Heap before GC invocations=11 (full 0):
 garbage-first heap   total 51200K, used 43199K [0x0000000082800000, 0x0000000100000000)
  region size 1024K, 22 young (22528K), 3 survivors (3072K)
 Metaspace       used 44205K, committed 44928K, reserved 1114112K
  class space    used 6307K, committed 6656K, reserved 1048576K
}
Event: 9.642 GC heap after
{Heap after GC invocations=12 (full 0):
 garbage-first heap   total 51200K, used 25854K [0x0000000082800000, 0x0000000100000000)
  region size 1024K, 3 young (3072K), 3 survivors (3072K)
 Metaspace       used 44205K, committed 44928K, reserved 1114112K
  class space    used 6307K, committed 6656K, reserved 1048576K
}
Event: 10.194 GC heap before
{Heap before GC invocations=12 (full 0):
 garbage-first heap   total 51200K, used 43262K [0x0000000082800000, 0x0000000100000000)
  region size 1024K, 21 young (21504K), 3 survivors (3072K)
 Metaspace       used 49236K, committed 49920K, reserved 1114112K
  class space    used 6928K, committed 7232K, reserved 1048576K
}
Event: 10.198 GC heap after
{Heap after GC invocations=13 (full 0):
 garbage-first heap   total 51200K, used 27405K [0x0000000082800000, 0x0000000100000000)
  region size 1024K, 2 young (2048K), 2 survivors (2048K)
 Metaspace       used 49236K, committed 49920K, reserved 1114112K
  class space    used 6928K, committed 7232K, reserved 1048576K
}
Event: 10.446 GC heap before
{Heap before GC invocations=14 (full 0):
 garbage-first heap   total 51200K, used 44813K [0x0000000082800000, 0x0000000100000000)
  region size 1024K, 19 young (19456K), 2 survivors (2048K)
 Metaspace       used 53434K, committed 54144K, reserved 1114112K
  class space    used 7356K, committed 7680K, reserved 1048576K
}
Event: 10.450 GC heap after
{Heap after GC invocations=15 (full 0):
 garbage-first heap   total 61440K, used 28114K [0x0000000082800000, 0x0000000100000000)
  region size 1024K, 1 young (1024K), 1 survivors (1024K)
 Metaspace       used 53434K, committed 54144K, reserved 1114112K
  class space    used 7356K, committed 7680K, reserved 1048576K
}
Event: 10.911 GC heap before
{Heap before GC invocations=15 (full 0):
 garbage-first heap   total 61440K, used 52690K [0x0000000082800000, 0x0000000100000000)
  region size 1024K, 26 young (26624K), 1 survivors (1024K)
 Metaspace       used 59867K, committed 60544K, reserved 1114112K
  class space    used 8284K, committed 8576K, reserved 1048576K
}
Event: 10.914 GC heap after
{Heap after GC invocations=16 (full 0):
 garbage-first heap   total 61440K, used 29018K [0x0000000082800000, 0x0000000100000000)
  region size 1024K, 2 young (2048K), 2 survivors (2048K)
 Metaspace       used 59867K, committed 60544K, reserved 1114112K
  class space    used 8284K, committed 8576K, reserved 1048576K
}
Event: 11.333 GC heap before
{Heap before GC invocations=16 (full 0):
 garbage-first heap   total 61440K, used 53594K [0x0000000082800000, 0x0000000100000000)
  region size 1024K, 27 young (27648K), 2 survivors (2048K)
 Metaspace       used 65195K, committed 65856K, reserved 1114112K
  class space    used 9124K, committed 9408K, reserved 1048576K
}
Event: 11.336 GC heap after
{Heap after GC invocations=17 (full 0):
 garbage-first heap   total 61440K, used 29958K [0x0000000082800000, 0x0000000100000000)
  region size 1024K, 3 young (3072K), 3 survivors (3072K)
 Metaspace       used 65195K, committed 65856K, reserved 1114112K
  class space    used 9124K, committed 9408K, reserved 1048576K
}
Event: 12.081 GC heap before
{Heap before GC invocations=17 (full 0):
 garbage-first heap   total 61440K, used 53510K [0x0000000082800000, 0x0000000100000000)
  region size 1024K, 27 young (27648K), 3 survivors (3072K)
 Metaspace       used 69656K, committed 70336K, reserved 1114112K
  class space    used 9750K, committed 10048K, reserved 1048576K
}
Event: 12.085 GC heap after
{Heap after GC invocations=18 (full 0):
 garbage-first heap   total 61440K, used 31983K [0x0000000082800000, 0x0000000100000000)
  region size 1024K, 4 young (4096K), 4 survivors (4096K)
 Metaspace       used 69656K, committed 70336K, reserved 1114112K
  class space    used 9750K, committed 10048K, reserved 1048576K
}
Event: 12.376 GC heap before
{Heap before GC invocations=19 (full 0):
 garbage-first heap   total 61440K, used 53487K [0x0000000082800000, 0x0000000100000000)
  region size 1024K, 25 young (25600K), 4 survivors (4096K)
 Metaspace       used 71714K, committed 72448K, reserved 1114112K
  class space    used 10067K, committed 10368K, reserved 1048576K
}
Event: 12.380 GC heap after
{Heap after GC invocations=20 (full 0):
 garbage-first heap   total 61440K, used 33766K [0x0000000082800000, 0x0000000100000000)
  region size 1024K, 2 young (2048K), 2 survivors (2048K)
 Metaspace       used 71714K, committed 72448K, reserved 1114112K
  class space    used 10067K, committed 10368K, reserved 1048576K
}
Event: 12.750 GC heap before
{Heap before GC invocations=20 (full 0):
 garbage-first heap   total 61440K, used 55270K [0x0000000082800000, 0x0000000100000000)
  region size 1024K, 23 young (23552K), 2 survivors (2048K)
 Metaspace       used 74339K, committed 75200K, reserved 1114112K
  class space    used 10460K, committed 10880K, reserved 1048576K
}
Event: 12.755 GC heap after
{Heap after GC invocations=21 (full 0):
 garbage-first heap   total 61440K, used 35373K [0x0000000082800000, 0x0000000100000000)
  region size 1024K, 3 young (3072K), 3 survivors (3072K)
 Metaspace       used 74339K, committed 75200K, reserved 1114112K
  class space    used 10460K, committed 10880K, reserved 1048576K
}
Event: 43.555 GC heap before
{Heap before GC invocations=21 (full 0):
 garbage-first heap   total 61440K, used 54829K [0x0000000082800000, 0x0000000100000000)
  region size 1024K, 22 young (22528K), 3 survivors (3072K)
 Metaspace       used 78226K, committed 79040K, reserved 1179648K
  class space    used 11010K, committed 11392K, reserved 1048576K
}

Dll operation events (12 events):
Event: 0.023 Loaded shared library C:\Users\jeffr\.jdks\ms-21.0.7\bin\java.dll
Event: 0.243 Loaded shared library C:\Users\jeffr\.jdks\ms-21.0.7\bin\zip.dll
Event: 0.248 Loaded shared library C:\Users\jeffr\.jdks\ms-21.0.7\bin\instrument.dll
Event: 0.254 Loaded shared library C:\Users\jeffr\.jdks\ms-21.0.7\bin\net.dll
Event: 0.256 Loaded shared library C:\Users\jeffr\.jdks\ms-21.0.7\bin\nio.dll
Event: 0.259 Loaded shared library C:\Users\jeffr\.jdks\ms-21.0.7\bin\zip.dll
Event: 1.574 Loaded shared library C:\Program Files\JetBrains\IntelliJ IDEA 2024.2.4\bin\breakgen64.dll
Event: 1.646 Loaded shared library C:\Users\jeffr\.jdks\ms-21.0.7\bin\extnet.dll
Event: 1.647 Loaded shared library C:\Users\jeffr\.jdks\ms-21.0.7\bin\jimage.dll
Event: 1.761 Loaded shared library C:\Users\jeffr\.jdks\ms-21.0.7\bin\management.dll
Event: 1.866 Loaded shared library C:\Users\jeffr\.jdks\ms-21.0.7\bin\management_ext.dll
Event: 4.083 Loaded shared library C:\Users\jeffr\.jdks\ms-21.0.7\bin\sunmscapi.dll

Deoptimization events (4 events):
Event: 9.654 Thread 0x000001a39af42f60 DEOPT PACKING pc=0x000001a3a60352ec sp=0x0000008dbe2faab0
Event: 9.654 Thread 0x000001a39af42f60 DEOPT UNPACKING pc=0x000001a3a5a84e42 sp=0x0000008dbe2f9fe0 mode 0
Event: 41.920 Thread 0x000001a3f32165e0 DEOPT PACKING pc=0x000001a3a64ce0bc sp=0x0000008dc16fe960
Event: 41.920 Thread 0x000001a3f32165e0 DEOPT UNPACKING pc=0x000001a3a5a84e42 sp=0x0000008dc16fddf8 mode 0

Classes loaded (20 events):
Event: 40.961 Loading class java/nio/channels/SelectionKey
Event: 40.961 Loading class java/nio/channels/SelectionKey done
Event: 40.961 Loading class java/nio/channels/spi/AbstractSelectionKey done
Event: 40.961 Loading class sun/nio/ch/SelectionKeyImpl done
Event: 40.961 Loading class java/lang/invoke/ConstantBootstraps
Event: 40.962 Loading class java/lang/invoke/ConstantBootstraps done
Event: 41.382 Loading class java/time/format/DateTimeFormatterBuilder$ZoneTextPrinterParser
Event: 41.385 Loading class java/time/format/DateTimeFormatterBuilder$ZoneTextPrinterParser done
Event: 41.385 Loading class java/time/format/DateTimeFormatterBuilder$ReducedPrinterParser
Event: 41.393 Loading class java/time/format/DateTimeFormatterBuilder$ReducedPrinterParser done
Event: 41.396 Loading class java/io/PushbackInputStream
Event: 41.396 Loading class java/io/PushbackInputStream done
Event: 41.470 Loading class org/w3c/dom/Node
Event: 41.475 Loading class org/w3c/dom/Node done
Event: 41.478 Loading class org/w3c/dom/Document
Event: 41.494 Loading class org/w3c/dom/Document done
Event: 42.000 Loading class java/util/function/DoubleUnaryOperator
Event: 42.000 Loading class java/util/function/DoubleUnaryOperator done
Event: 43.518 Loading class java/util/EmptyStackException
Event: 43.518 Loading class java/util/EmptyStackException done

Classes unloaded (0 events):
No events

Classes redefined (0 events):
No events

Internal exceptions (20 events):
Event: 11.734 Thread 0x000001a39af42f60 Exception <a 'java/lang/NoSuchMethodError'{0x0000000085aba520}: 'java.lang.Object java.lang.invoke.DirectMethodHandle$Holder.newInvokeSpecial(java.lang.Object, java.lang.Object, long)'> (0x0000000085aba520) 
thrown [s\src\hotspot\share\interpreter\linkResolver.cpp, line 773]
Event: 11.735 Thread 0x000001a39af42f60 Exception <a 'java/lang/NoSuchMethodError'{0x0000000085abdfe8}: 'long java.lang.invoke.DirectMethodHandle$Holder.invokeStatic(java.lang.Object, java.lang.Object, int)'> (0x0000000085abdfe8) 
thrown [s\src\hotspot\share\interpreter\linkResolver.cpp, line 773]
Event: 11.741 Thread 0x000001a39af42f60 Exception <a 'java/lang/NoSuchMethodError'{0x0000000085aef2d0}: 'void java.lang.invoke.Invokers$Holder.invokeExact_MT(java.lang.Object, java.lang.Object, java.lang.Object, java.lang.Object)'> (0x0000000085aef2d0) 
thrown [s\src\hotspot\share\interpreter\linkResolver.cpp, line 773]
Event: 11.801 Thread 0x000001a39af42f60 Exception <a 'java/lang/IncompatibleClassChangeError'{0x00000000856d9a78}: Found class java.lang.Object, but interface was expected> (0x00000000856d9a78) 
thrown [s\src\hotspot\share\interpreter\linkResolver.cpp, line 840]
Event: 11.831 Thread 0x000001a39af42f60 Exception <a 'java/lang/IncompatibleClassChangeError'{0x0000000085486368}: Found class java.lang.Object, but interface was expected> (0x0000000085486368) 
thrown [s\src\hotspot\share\interpreter\linkResolver.cpp, line 840]
Event: 12.128 Thread 0x000001a39af42f60 Exception <a 'java/lang/IncompatibleClassChangeError'{0x0000000088053eb8}: Found class java.lang.Object, but interface was expected> (0x0000000088053eb8) 
thrown [s\src\hotspot\share\interpreter\linkResolver.cpp, line 840]
Event: 12.207 Thread 0x000001a39af42f60 Exception <a 'java/lang/NoSuchMethodError'{0x0000000085b9b4d0}: 'java.lang.Object java.lang.invoke.DirectMethodHandle$Holder.newInvokeSpecial(java.lang.Object, java.lang.Object, java.lang.Object, java.lang.Object, java.lang.Object, java.lang.Object, java.lang.Object, java.lang.Object, java.lang.Object, java.lang.Object, java.lang.Object)'> (0x0000000085b9b4d0) 
thrown [s\src\hotspot\share\interpreter\linkResolver.cpp, line 773]
Event: 12.259 Thread 0x000001a39af42f60 Exception <a 'java/lang/NoSuchMethodError'{0x000000008573b148}: 'java.lang.Object java.lang.invoke.DirectMethodHandle$Holder.invokeVirtual(java.lang.Object, java.lang.Object, java.lang.Object, int)'> (0x000000008573b148) 
thrown [s\src\hotspot\share\interpreter\linkResolver.cpp, line 773]
Event: 12.443 Thread 0x000001a39af42f60 Exception <a 'java/lang/NoSuchMethodError'{0x0000000087faa730}: 'java.lang.Object java.lang.invoke.DirectMethodHandle$Holder.invokeInterface(java.lang.Object, java.lang.Object, java.lang.Object, java.lang.Object)'> (0x0000000087faa730) 
thrown [s\src\hotspot\share\interpreter\linkResolver.cpp, line 773]
Event: 12.479 Thread 0x000001a39af42f60 Exception <a 'java/lang/NoSuchMethodError'{0x0000000087c18c58}: 'java.lang.Object java.lang.invoke.DirectMethodHandle$Holder.invokeVirtual(java.lang.Object, java.lang.Object, int)'> (0x0000000087c18c58) 
thrown [s\src\hotspot\share\interpreter\linkResolver.cpp, line 773]
Event: 12.535 Thread 0x000001a39af42f60 Exception <a 'java/lang/IncompatibleClassChangeError'{0x0000000085905880}: Found class java.lang.Object, but interface was expected> (0x0000000085905880) 
thrown [s\src\hotspot\share\interpreter\linkResolver.cpp, line 840]
Event: 12.668 Thread 0x000001a39af42f60 Exception <a 'java/lang/IncompatibleClassChangeError'{0x00000000851886b0}: Found class java.lang.Object, but interface was expected> (0x00000000851886b0) 
thrown [s\src\hotspot\share\interpreter\linkResolver.cpp, line 840]
Event: 12.808 Thread 0x000001a39af42f60 Exception <a 'java/lang/NoSuchMethodError'{0x00000000880f3d08}: 'java.lang.Object java.lang.invoke.DirectMethodHandle$Holder.newInvokeSpecial(java.lang.Object, java.lang.Object, int, java.lang.Object, java.lang.Object)'> (0x00000000880f3d08) 
thrown [s\src\hotspot\share\interpreter\linkResolver.cpp, line 773]
Event: 13.108 Thread 0x000001a3f3b821c0 Exception <a 'java/lang/NoSuchMethodError'{0x0000000087d69210}: 'java.lang.Object java.lang.invoke.DirectMethodHandle$Holder.invokeInterface(java.lang.Object, java.lang.Object, java.lang.Object, java.lang.Object, java.lang.Object, java.lang.Object, java.lang.Object)'> (0x0000000087d69210) 
thrown [s\src\hotspot\share\interpreter\linkResolver.cpp, line 773]
Event: 40.891 Thread 0x000001a3f55ec840 Exception <a 'java/lang/NoSuchMethodError'{0x0000000087ca8880}: 'java.lang.Object java.lang.invoke.DirectMethodHandle$Holder.invokeStatic(java.lang.Object, java.lang.Object, java.lang.Object, int, int)'> (0x0000000087ca8880) 
thrown [s\src\hotspot\share\interpreter\linkResolver.cpp, line 773]
Event: 40.891 Thread 0x000001a3f55ec840 Exception <a 'java/lang/NoSuchMethodError'{0x0000000087cac060}: 'java.lang.Object java.lang.invoke.DirectMethodHandle$Holder.invokeStaticInit(java.lang.Object, java.lang.Object, java.lang.Object, int, int)'> (0x0000000087cac060) 
thrown [s\src\hotspot\share\interpreter\linkResolver.cpp, line 773]
Event: 41.146 Thread 0x000001a3f55e8d30 Exception <a 'java/lang/NoSuchMethodError'{0x0000000085cd6078}: 'java.lang.Object java.lang.invoke.DirectMethodHandle$Holder.invokeSpecial(java.lang.Object, java.lang.Object, java.lang.Object, java.lang.Object, java.lang.Object, long)'> (0x0000000085cd6078) 
thrown [s\src\hotspot\share\interpreter\linkResolver.cpp, line 773]
Event: 41.146 Thread 0x000001a3f55e8d30 Exception <a 'java/lang/NoSuchMethodError'{0x0000000085cd9858}: 'java.lang.Object java.lang.invoke.Invokers$Holder.linkToTargetMethod(java.lang.Object, java.lang.Object, java.lang.Object, long, java.lang.Object)'> (0x0000000085cd9858) 
thrown [s\src\hotspot\share\interpreter\linkResolver.cpp, line 773]
Event: 42.000 Thread 0x000001a3f55e8d30 Exception <a 'java/lang/NoSuchMethodError'{0x00000000852805b0}: 'double java.lang.invoke.DirectMethodHandle$Holder.invokeStatic(java.lang.Object, double)'> (0x00000000852805b0) 
thrown [s\src\hotspot\share\interpreter\linkResolver.cpp, line 773]
Event: 42.001 Thread 0x000001a3f55e8d30 Exception <a 'java/lang/NoSuchMethodError'{0x0000000085285f78}: 'double java.lang.invoke.DirectMethodHandle$Holder.invokeStaticInit(java.lang.Object, double)'> (0x0000000085285f78) 
thrown [s\src\hotspot\share\interpreter\linkResolver.cpp, line 773]

ZGC Phase Switch (0 events):
No events

VM Operations (20 events):
Event: 27.886 Executing VM operation: Cleanup done
Event: 28.896 Executing VM operation: Cleanup
Event: 28.896 Executing VM operation: Cleanup done
Event: 32.934 Executing VM operation: Cleanup
Event: 32.934 Executing VM operation: Cleanup done
Event: 33.939 Executing VM operation: Cleanup
Event: 33.939 Executing VM operation: Cleanup done
Event: 40.958 Executing VM operation: HandshakeAllThreads (Deoptimize)
Event: 40.958 Executing VM operation: HandshakeAllThreads (Deoptimize) done
Event: 41.244 Executing VM operation: HandshakeAllThreads (Deoptimize)
Event: 41.245 Executing VM operation: HandshakeAllThreads (Deoptimize) done
Event: 41.245 Executing VM operation: Cleanup
Event: 41.245 Executing VM operation: Cleanup done
Event: 41.379 Executing VM operation: HandshakeAllThreads (Deoptimize)
Event: 41.379 Executing VM operation: HandshakeAllThreads (Deoptimize) done
Event: 41.598 Executing VM operation: HandshakeAllThreads (Deoptimize)
Event: 41.599 Executing VM operation: HandshakeAllThreads (Deoptimize) done
Event: 42.604 Executing VM operation: Cleanup
Event: 42.605 Executing VM operation: Cleanup done
Event: 43.555 Executing VM operation: G1CollectForAllocation (G1 Evacuation Pause)

Memory protections (0 events):
No events

Nmethod flushes (20 events):
Event: 10.214 Thread 0x000001a3ad96bde0 flushing  nmethod 0x000001a3a6266d90
Event: 10.214 Thread 0x000001a3ad96bde0 flushing  nmethod 0x000001a3a60a2e10
Event: 10.214 Thread 0x000001a3ad96bde0 flushing  nmethod 0x000001a3a6155110
Event: 10.214 Thread 0x000001a3ad96bde0 flushing  nmethod 0x000001a3a6175b90
Event: 10.214 Thread 0x000001a3ad96bde0 flushing  nmethod 0x000001a3a6226c10
Event: 10.214 Thread 0x000001a3ad96bde0 flushing  nmethod 0x000001a3a6104b10
Event: 10.214 Thread 0x000001a3ad96bde0 flushing  nmethod 0x000001a3a6120390
Event: 10.214 Thread 0x000001a3ad96bde0 flushing  nmethod 0x000001a3a616b690
Event: 10.214 Thread 0x000001a3ad96bde0 flushing  nmethod 0x000001a3a616d110
Event: 10.214 Thread 0x000001a3ad96bde0 flushing  nmethod 0x000001a3a6167890
Event: 10.214 Thread 0x000001a3ad96bde0 flushing  nmethod 0x000001a3a61b3f90
Event: 10.214 Thread 0x000001a3ad96bde0 flushing  nmethod 0x000001a3a623c590
Event: 12.106 Thread 0x000001a3ad96bde0 flushing  nmethod 0x000001a3a5d9e990
Event: 12.106 Thread 0x000001a3ad96bde0 flushing  nmethod 0x000001a3a5e96d10
Event: 12.106 Thread 0x000001a3ad96bde0 flushing  nmethod 0x000001a3a6355010
Event: 12.106 Thread 0x000001a3ad96bde0 flushing  nmethod 0x000001a3a5e49690
Event: 12.106 Thread 0x000001a3ad96bde0 flushing  nmethod 0x000001a3a6034890
Event: 12.106 Thread 0x000001a3ad96bde0 flushing  nmethod 0x000001a3a62c5d90
Event: 12.106 Thread 0x000001a3ad96bde0 flushing  nmethod 0x000001a3a62c6110
Event: 12.106 Thread 0x000001a3ad96bde0 flushing  nmethod 0x000001a3a62db290

Events (20 events):
Event: 12.815 Thread 0x000001a39af42f60 Thread added: 0x000001a3f55ed560
Event: 12.815 Thread 0x000001a39af42f60 Thread added: 0x000001a3f55ee280
Event: 12.815 Thread 0x000001a39af42f60 Thread added: 0x000001a3f55eb490
Event: 12.815 Thread 0x000001a39af42f60 Thread added: 0x000001a3f55edbf0
Event: 12.816 Thread 0x000001a39af42f60 Thread added: 0x000001a3f55eae00
Event: 12.816 Thread 0x000001a39af42f60 Thread added: 0x000001a3f55ebb20
Event: 12.823 Thread 0x000001a39af42f60 Thread added: 0x000001a3f55ec1b0
Event: 12.824 Thread 0x000001a39af42f60 Thread added: 0x000001a3f55ec840
Event: 12.834 Thread 0x000001a39af42f60 Thread exited: 0x000001a39af42f60
Event: 12.834 Thread 0x000001a3f55eced0 Thread added: 0x000001a3f55eced0
Event: 13.082 Thread 0x000001a3f3b821c0 Thread added: 0x000001a3f55ee910
Event: 13.098 Thread 0x000001a3f3b821c0 Thread added: 0x000001a3f3214ba0
Event: 13.110 Thread 0x000001a3f3361480 Thread added: 0x000001a3f32165e0
Event: 13.112 Thread 0x000001a3f3214ba0 Thread exited: 0x000001a3f3214ba0
Event: 13.113 Thread 0x000001a3f55ee910 Thread exited: 0x000001a3f55ee910
Event: 13.122 Thread 0x000001a3f32165e0 Thread added: 0x000001a3f3213160
Event: 13.133 Thread 0x000001a3f3213160 Thread exited: 0x000001a3f3213160
Event: 15.014 Thread 0x000001a3ada9dd30 Thread exited: 0x000001a3ada9dd30
Event: 15.980 Thread 0x000001a3f55e7980 Thread exited: 0x000001a3f55e7980
Event: 17.580 Thread 0x000001a3ada91670 Thread exited: 0x000001a3ada91670


Dynamic libraries:
0x00007ff761270000 - 0x00007ff76127e000 	C:\Users\jeffr\.jdks\ms-21.0.7\bin\java.exe
0x00007ff8dbd00000 - 0x00007ff8dbf67000 	C:\WINDOWS\SYSTEM32\ntdll.dll
0x00007ff8db6b0000 - 0x00007ff8db779000 	C:\WINDOWS\System32\KERNEL32.DLL
0x00007ff8d85e0000 - 0x00007ff8d89d1000 	C:\WINDOWS\System32\KERNELBASE.dll
0x00007ff8d9950000 - 0x00007ff8d9a9b000 	C:\WINDOWS\System32\ucrtbase.dll
0x00007ff896400000 - 0x00007ff896418000 	C:\Users\jeffr\.jdks\ms-21.0.7\bin\jli.dll
0x00007ff8db8b0000 - 0x00007ff8dba75000 	C:\WINDOWS\System32\USER32.dll
0x00007ff8d93c0000 - 0x00007ff8d93e7000 	C:\WINDOWS\System32\win32u.dll
0x00007ff8c27e0000 - 0x00007ff8c2a73000 	C:\WINDOWS\WinSxS\amd64_microsoft.windows.common-controls_6595b64144ccf1df_6.0.26100.8037_none_3e092faae333b53b\COMCTL32.dll
0x00007ff8db680000 - 0x00007ff8db6ab000 	C:\WINDOWS\System32\GDI32.dll
0x00007ff8dbb10000 - 0x00007ff8dbbb9000 	C:\WINDOWS\System32\msvcrt.dll
0x00007ff899210000 - 0x00007ff89922d000 	C:\Users\jeffr\.jdks\ms-21.0.7\bin\VCRUNTIME140.dll
0x00007ff8d94a0000 - 0x00007ff8d95cb000 	C:\WINDOWS\System32\gdi32full.dll
0x00007ff8d97e0000 - 0x00007ff8d9883000 	C:\WINDOWS\System32\msvcp_win.dll
0x00007ff8d9aa0000 - 0x00007ff8d9ad1000 	C:\WINDOWS\System32\IMM32.DLL
0x00007ff89ed60000 - 0x00007ff89ed6c000 	C:\Users\jeffr\.jdks\ms-21.0.7\bin\vcruntime140_1.dll
0x00007ff8649d0000 - 0x00007ff864a5d000 	C:\Users\jeffr\.jdks\ms-21.0.7\bin\msvcp140.dll
0x00007ff821100000 - 0x00007ff821e98000 	C:\Users\jeffr\.jdks\ms-21.0.7\bin\server\jvm.dll
0x00007ff8da190000 - 0x00007ff8da24b000 	C:\WINDOWS\System32\ADVAPI32.dll
0x00007ff8db800000 - 0x00007ff8db8a7000 	C:\WINDOWS\System32\sechost.dll
0x00007ff8db560000 - 0x00007ff8db678000 	C:\WINDOWS\System32\RPCRT4.dll
0x00007ff8db780000 - 0x00007ff8db7f4000 	C:\WINDOWS\System32\WS2_32.dll
0x00007ff8d8440000 - 0x00007ff8d849e000 	C:\WINDOWS\SYSTEM32\POWRPROF.dll
0x00007ff8c7470000 - 0x00007ff8c74a5000 	C:\WINDOWS\SYSTEM32\WINMM.dll
0x00007ff8d0360000 - 0x00007ff8d036b000 	C:\WINDOWS\SYSTEM32\VERSION.dll
0x00007ff8d8420000 - 0x00007ff8d8434000 	C:\WINDOWS\SYSTEM32\UMPDC.dll
0x00007ff8d7370000 - 0x00007ff8d738b000 	C:\WINDOWS\SYSTEM32\kernel.appcore.dll
0x00007ff89aba0000 - 0x00007ff89abaa000 	C:\Users\jeffr\.jdks\ms-21.0.7\bin\jimage.dll
0x00007ff8d6790000 - 0x00007ff8d69d2000 	C:\WINDOWS\SYSTEM32\DBGHELP.DLL
0x00007ff8d9c60000 - 0x00007ff8d9fe2000 	C:\WINDOWS\System32\combase.dll
0x00007ff8da490000 - 0x00007ff8da567000 	C:\WINDOWS\System32\OLEAUT32.dll
0x00007ff8a6cc0000 - 0x00007ff8a6cfb000 	C:\WINDOWS\SYSTEM32\dbgcore.DLL
0x00007ff8d93f0000 - 0x00007ff8d9495000 	C:\WINDOWS\System32\bcryptPrimitives.dll
0x00007ff88f210000 - 0x00007ff88f21f000 	C:\Users\jeffr\.jdks\ms-21.0.7\bin\instrument.dll
0x00007ff892b60000 - 0x00007ff892b80000 	C:\Users\jeffr\.jdks\ms-21.0.7\bin\java.dll
0x00007ff8dadf0000 - 0x00007ff8db54f000 	C:\WINDOWS\System32\SHELL32.dll
0x00007ff8d9250000 - 0x00007ff8d93ba000 	C:\WINDOWS\System32\wintypes.dll
0x00007ff8d89e0000 - 0x00007ff8d9244000 	C:\WINDOWS\System32\windows.storage.dll
0x00007ff8da310000 - 0x00007ff8da407000 	C:\WINDOWS\System32\SHCORE.dll
0x00007ff8dbbc0000 - 0x00007ff8dbc27000 	C:\WINDOWS\System32\shlwapi.dll
0x00007ff8d8500000 - 0x00007ff8d8529000 	C:\WINDOWS\SYSTEM32\profapi.dll
0x00007ff886e20000 - 0x00007ff886e38000 	C:\Users\jeffr\.jdks\ms-21.0.7\bin\zip.dll
0x00007ff898650000 - 0x00007ff898660000 	C:\Users\jeffr\.jdks\ms-21.0.7\bin\net.dll
0x00007ff8cfe50000 - 0x00007ff8cff77000 	C:\WINDOWS\SYSTEM32\WINHTTP.dll
0x00007ff8d78e0000 - 0x00007ff8d794b000 	C:\WINDOWS\system32\mswsock.dll
0x00007ff88f070000 - 0x00007ff88f086000 	C:\Users\jeffr\.jdks\ms-21.0.7\bin\nio.dll
0x00007ff8850f0000 - 0x00007ff88510a000 	C:\Program Files\JetBrains\IntelliJ IDEA 2024.2.4\bin\breakgen64.dll
0x00007ff893bc0000 - 0x00007ff893bc9000 	C:\Users\jeffr\.jdks\ms-21.0.7\bin\extnet.dll
0x00007ff8d6e10000 - 0x00007ff8d6f3a000 	C:\WINDOWS\SYSTEM32\DNSAPI.dll
0x00007ff8d6ca0000 - 0x00007ff8d6cd3000 	C:\WINDOWS\SYSTEM32\IPHLPAPI.DLL
0x00007ff8dbc60000 - 0x00007ff8dbc6a000 	C:\WINDOWS\System32\NSI.dll
0x00007ff8c9a20000 - 0x00007ff8c9a2b000 	C:\Windows\System32\rasadhlp.dll
0x00007ff8caca0000 - 0x00007ff8cad26000 	C:\WINDOWS\System32\fwpuclnt.dll
0x00007ff8967b0000 - 0x00007ff8967ba000 	C:\Users\jeffr\.jdks\ms-21.0.7\bin\management.dll
0x00007ff8965f0000 - 0x00007ff8965fb000 	C:\Users\jeffr\.jdks\ms-21.0.7\bin\management_ext.dll
0x00007ff8daa40000 - 0x00007ff8daa48000 	C:\WINDOWS\System32\PSAPI.DLL
0x00007ff8d7bc0000 - 0x00007ff8d7bdb000 	C:\WINDOWS\SYSTEM32\CRYPTSP.dll
0x00007ff8d72d0000 - 0x00007ff8d7309000 	C:\WINDOWS\system32\rsaenh.dll
0x00007ff8d7990000 - 0x00007ff8d79c2000 	C:\WINDOWS\SYSTEM32\USERENV.dll
0x00007ff8d84d0000 - 0x00007ff8d84fa000 	C:\WINDOWS\SYSTEM32\bcrypt.dll
0x00007ff8d7be0000 - 0x00007ff8d7bec000 	C:\WINDOWS\SYSTEM32\CRYPTBASE.dll
0x00007ff8bc320000 - 0x00007ff8bc338000 	C:\WINDOWS\system32\napinsp.dll
0x00007ff8bc2d0000 - 0x00007ff8bc2e2000 	C:\WINDOWS\System32\winrnr.dll
0x00007ff8bc2a0000 - 0x00007ff8bc2c2000 	C:\WINDOWS\system32\nlansp_c.dll
0x00007ff8cc1e0000 - 0x00007ff8cc1f6000 	C:\WINDOWS\system32\wshbth.dll
0x00007ff8bc200000 - 0x00007ff8bc256000 	C:\WINDOWS\SYSTEM32\pdh.dll
0x00007ff8b5ea0000 - 0x00007ff8b5eb2000 	C:\WINDOWS\System32\perfproc.dll
0x00007ff8b5e80000 - 0x00007ff8b5e91000 	C:\WINDOWS\System32\perfos.dll
0x00007ff8d3c40000 - 0x00007ff8d3c52000 	C:\WINDOWS\SYSTEM32\pfclient.dll
0x00007ff894c90000 - 0x00007ff894c9e000 	C:\Users\jeffr\.jdks\ms-21.0.7\bin\sunmscapi.dll
0x00007ff8d9660000 - 0x00007ff8d97d7000 	C:\WINDOWS\System32\CRYPT32.dll
0x00007ff8d7de0000 - 0x00007ff8d7e10000 	C:\WINDOWS\SYSTEM32\ncrypt.dll
0x00007ff8d7d90000 - 0x00007ff8d7dcf000 	C:\WINDOWS\SYSTEM32\NTASN1.dll
0x00007ff8c08c0000 - 0x00007ff8c08c8000 	C:\WINDOWS\system32\wshunix.dll

dbghelp: loaded successfully - version: 4.0.5 - missing functions: none
symbol engine: initialized successfully - sym options: 0x614 - pdb path: .;C:\Users\jeffr\.jdks\ms-21.0.7\bin;C:\WINDOWS\SYSTEM32;C:\WINDOWS\WinSxS\amd64_microsoft.windows.common-controls_6595b64144ccf1df_6.0.26100.8037_none_3e092faae333b53b;C:\Users\jeffr\.jdks\ms-21.0.7\bin\server;C:\Program Files\JetBrains\IntelliJ IDEA 2024.2.4\bin

VM Arguments:
jvm_args: -XX:TieredStopAtLevel=1 -Dspring.output.ansi.enabled=always -Dcom.sun.management.jmxremote -Dspring.jmx.enabled=true -Dspring.liveBeansView.mbeanDomain -Dspring.application.admin.enabled=true -Dmanagement.endpoints.jmx.exposure.include=* -javaagent:C:\Program Files\JetBrains\IntelliJ IDEA 2024.2.4\lib\idea_rt.jar=54502:C:\Program Files\JetBrains\IntelliJ IDEA 2024.2.4\bin -Dfile.encoding=UTF-8 -Dsun.stdout.encoding=UTF-8 -Dsun.stderr.encoding=UTF-8 
java_command: nl.novi.backendeindopdracht.BackendEindopdrachtApplication
java_class_path (initial): A:\Backend-Eindopdracht\target\classes;C:\Users\jeffr\.m2\repository\org\springframework\boot\spring-boot-starter-webmvc\4.0.0\spring-boot-starter-webmvc-4.0.0.jar;C:\Users\jeffr\.m2\repository\org\springframework\boot\spring-boot-starter\4.0.0\spring-boot-starter-4.0.0.jar;C:\Users\jeffr\.m2\repository\org\springframework\boot\spring-boot-starter-logging\4.0.0\spring-boot-starter-logging-4.0.0.jar;C:\Users\jeffr\.m2\repository\ch\qos\logback\logback-classic\1.5.21\logback-classic-1.5.21.jar;C:\Users\jeffr\.m2\repository\ch\qos\logback\logback-core\1.5.21\logback-core-1.5.21.jar;C:\Users\jeffr\.m2\repository\org\apache\logging\log4j\log4j-to-slf4j\2.25.2\log4j-to-slf4j-2.25.2.jar;C:\Users\jeffr\.m2\repository\org\apache\logging\log4j\log4j-api\2.25.2\log4j-api-2.25.2.jar;C:\Users\jeffr\.m2\repository\org\slf4j\jul-to-slf4j\2.0.17\jul-to-slf4j-2.0.17.jar;C:\Users\jeffr\.m2\repository\org\springframework\boot\spring-boot-autoconfigure\4.0.0\spring-boot-autoconfigure-4.0.0.jar;C:\Users\jeffr\.m2\repository\jakarta\annotation\jakarta.annotation-api\3.0.0\jakarta.annotation-api-3.0.0.jar;C:\Users\jeffr\.m2\repository\org\yaml\snakeyaml\2.5\snakeyaml-2.5.jar;C:\Users\jeffr\.m2\repository\org\springframework\boot\spring-boot-starter-jackson\4.0.0\spring-boot-starter-jackson-4.0.0.jar;C:\Users\jeffr\.m2\repository\org\springframework\boot\spring-boot-jackson\4.0.0\spring-boot-jackson-4.0.0.jar;C:\Users\jeffr\.m2\repository\tools\jackson\core\jackson-databind\3.0.2\jackson-databind-3.0.2.jar;C:\Users\jeffr\.m2\repository\tools\jackson\core\jackson-core\3.0.2\jackson-core-3.0.2.jar;C:\Users\jeffr\.m2\repository\org\springframework\boot\spring-boot-starter-tomcat\4.0.0\spring-boot-starter-tomcat-4.0.0.jar;C:\Users\jeffr\.m2\repository\org\springframework\boot\spring-boot-starter-tomcat-runtime\4.0.0\spring-boot-starter-tomcat-runtime-4.0.0.jar;C:\Users\jeffr\.m2\repository\org\apache\tomcat\embed\tomcat-embed-core\11.0.14\tomcat-embed-core-11.0.14.jar;C:\Users\jeffr\.m2\repository\org\apache\tomcat\embed\tomcat-embed-websocket\11.0.14\tomcat-embed-websocket-11.0.14.jar;C:\Users\jeffr\.m2\repository\org\springframework\boot\spring-boot-tomcat\4.0.0\spring-boot-tomcat-4.0.0.jar;C:\Users\jeffr\.m2\repository\org\springframework\boot\spring-boot-http-converter\4.0.0\spring-boot-http-converter-4.0.0.jar;C:\Users\jeffr\.m2\repository\org\springframework\boot\spring-boot\4.0.0\spring-boot-4.0.0.jar;C:\Users\jeffr\.m2\repository\org\springframework\spring-web\7.0.1\spring-web-7.0.1.jar;C:\Users\jeffr\.m2\repository\org\springframework\boot\spring-boot-webmvc\4.0.0\spring-boot-webmvc-4.0.0.jar;C:\Users\jeffr\.m2\repository\org\springframework\boot\spring-boot-servlet\4.0.0\spring-boot-servlet-4.0.0.jar;C:\Users\jeffr\.m2\repository\org\springframework\spring-webmvc\7.0.1\spring-webmvc-7.0.1.jar;C:\Users\jeffr\.m2\repository\org\slf4j\slf4j-api\2.0.17\slf4j-api-2.0.17.jar;C:\Users\jeffr\.m2\repository\jakarta\xml\bind\jakarta.xml.bind-api\4.0.4\jakarta.xml.bind-api-4.0.4.jar;C:\Users\jeffr\.m2\repository\jakarta\activation\jakarta.activation-api\2.1.4\jakarta.activation-api-2.1.4.jar;C:\Users\jeffr\.m2\repository\net\bytebuddy\byte-buddy\1.17.8\byte-buddy-1.17.8.jar;C:\Users\jeffr\.m2\repository\org\springframework\boot\spring-boot-web-server\4.0.0\spring-boot-web-server-4.0.0.jar;C:\Users\jeffr\.m2\repository\com\oracle\database\jdbc\ojdbc11\23.9.0.25.07\ojdbc11-23.9.0.25.07.jar;C:\Users\jeffr\.m2\repository\org\postgresql\postgresql\42.7.8\postgresql-42.7.8.jar;C:\Users\jeffr\.m2\repository\org\checkerframework\checker-qual\3.49.5\checker-qual-3.49.5.jar;C:\Users\jeffr\.m2\repository\com\microsoft\sqlserver\mssql-jdbc\13.2.1.jre11\mssql-jdbc-13.2.1.jre11.jar;C:\Users\jeffr\.m2\repository\org\springframework\boot\spring-boot-starter-data-jpa\4.0.0\spring-boot-starter-data-jpa-4.0.0.jar;C:\Users\jeffr\.m2\repository\org\springframework\boot\spring-boot-starter-jdbc\4.0.0\spring-boot-starter-jdbc-4.0.0.jar;C:\Users\jeffr\.m2\repository\com\zaxxer\HikariCP\7.0.2\HikariCP-7.0.2.jar;C:\Users\jeffr\.m2\repository\org\springframework\boot\spring-boot-data-jpa\4.0.0\spring-boot-data-jpa-4.0.0.jar;C:\Users\jeffr\.m2\repository\org\springframework\boot\spring-boot-data-commons\4.0.0\spring-boot-data-commons-4.0.0.jar;C:\Users\jeffr\.m2\repository\org\springframework\boot\spring-boot-persistence\4.0.0\spring-boot-persistence-4.0.0.jar;C:\Users\jeffr\.m2\repository\org\springframework\data\spring-data-commons\4.0.0\spring-data-commons-4.0.0.jar;C:\Users\jeffr\.m2\repository\org\springframework\boot\spring-boot-hibernate\4.0.0\spring-boot-hibernate-4.0.0.jar;C:\Users\jeffr\.m2\repository\org\springframework\boot\spring-boot-jpa\4.0.0\spring-boot-jpa-4.0.0.jar;C:\Users\jeffr\.m2\repository\jakarta\persistence\jakarta.persistence-api\3.2.0\jakarta.persistence-api-3.2.0.jar;C:\Users\jeffr\.m2\repository\org\hibernate\orm\hibernate-core\7.1.8.Final\hibernate-core-7.1.8.Final.jar;C:\Users\jeffr\.m2\repository\jakarta\transaction\jakarta.transaction-api\2.0.1\jakarta.transaction-api-2.0.1.jar;C:\Users\jeffr\.m2\repository\org\hibernate\models\hibernate-models\1.0.1\hibernate-models-1.0.1.jar;C:\Users\jeffr\.m2\repository\org\glassfish\jaxb\jaxb-runtime\4.0.6\jaxb-runtime-4.0.6.jar;C:\Users\jeffr\.m2\repository\org\glassfish\jaxb\jaxb-core\4.0.6\jaxb-core-4.0.6.jar;C:\Users\jeffr\.m2\repository\org\eclipse\angus\angus-activation\2.0.3\angus-activation-2.0.3.jar;C:\Users\jeffr\.m2\repository\org\glassfish\jaxb\txw2\4.0.6\txw2-4.0.6.jar;C:\Users\jeffr\.m2\repository\com\sun\istack\istack-commons-runtime\4.1.2\istack-commons-runtime-4.1.2.jar;C:\Users\jeffr\.m2\repository\jakarta\inject\jakarta.inject-api\2.0.1\jakarta.inject-api-2.0.1.jar;C:\Users\jeffr\.m2\repository\org\springframework\spring-orm\7.0.1\spring-orm-7.0.1.jar;C:\Users\jeffr\.m2\repository\org\springframework\data\spring-data-jpa\4.0.0\spring-data-jpa-4.0.0.jar;C:\Users\jeffr\.m2\repository\org\springframework\spring-tx\7.0.1\spring-tx-7.0.1.jar;C:\Users\jeffr\.m2\repository\org\antlr\antlr4-runtime\4.13.2\antlr4-runtime-4.13.2.jar;C:\Users\jeffr\.m2\repository\org\springframework\spring-aspects\7.0.1\spring-aspects-7.0.1.jar;C:\Users\jeffr\.m2\repository\org\aspectj\aspectjweaver\1.9.25\aspectjweaver-1.9.25.jar;C:\Users\jeffr\.m2\repository\org\springframework\boot\spring-boot-jdbc\4.0.0\spring-boot-jdbc-4.0.0.jar;C:\Users\jeffr\.m2\repository\org\springframework\boot\spring-boot-sql\4.0.0\spring-boot-sql-4.0.0.jar;C:\Users\jeffr\.m2\repository\org\springframework\boot\spring-boot-transaction\4.0.0\spring-boot-transaction-4.0.0.jar;C:\Users\jeffr\.m2\repository\org\springframework\spring-jdbc\7.0.1\spring-jdbc-7.0.1.jar;C:\Users\jeffr\.m2\repository\com\mysql\mysql-connector-j\9.5.0\mysql-connector-j-9.5.0.jar;C:\Users\jeffr\.m2\repository\org\springframework\boot\spring-boot-starter-validation\4.0.0\spring-boot-starter-validation-4.0.0.jar;C:\Users\jeffr\.m2\repository\org\springframework\boot\spring-boot-validation\4.0.0\spring-boot-validation-4.0.0.jar;C:\Users\jeffr\.m2\repository\org\apache\tomcat\embed\tomcat-embed-el\11.0.14\tomcat-embed-el-11.0.14.jar;C:\Users\jeffr\.m2\repository\org\hibernate\validator\hibernate-validator\9.0.1.Final\hibernate-validator-9.0.1.Final.jar;C:\Users\jeffr\.m2\repository\jakarta\validation\jakarta.validation-api\3.1.1\jakarta.validation-api-3.1.1.jar;C:\Users\jeffr\.m2\repository\org\jboss\logging\jboss-logging\3.6.1.Final\jboss-logging-3.6.1.Final.jar;C:\Users\jeffr\.m2\repository\com\fasterxml\classmate\1.7.1\classmate-1.7.1.jar;C:\Users\jeffr\.m2\repository\org\springframework\boot\spring-boot-starter-security\4.0.0\spring-boot-starter-security-4.0.0.jar;C:\Users\jeffr\.m2\repository\org\springframework\boot\spring-boot-security\4.0.0\spring-boot-security-4.0.0.jar;C:\Users\jeffr\.m2\repository\org\springframework\security\spring-security-config\7.0.0\spring-security-config-7.0.0.jar;C:\Users\jeffr\.m2\repository\org\springframework\spring-aop\7.0.1\spring-aop-7.0.1.jar;C:\Users\jeffr\.m2\repository\org\springframework\spring-beans\7.0.1\spring-beans-7.0.1.jar;C:\Users\jeffr\.m2\repository\org\springframework\security\spring-security-core\7.0.0\spring-security-core-7.0.0.jar;C:\Users\jeffr\.m2\repository\org\springframework\security\spring-security-crypto\7.0.0\spring-security-crypto-7.0.0.jar;C:\Users\jeffr\.m2\repository\org\springframework\spring-context\7.0.1\spring-context-7.0.1.jar;C:\Users\jeffr\.m2\repository\org\springframework\spring-expression\7.0.1\spring-expression-7.0.1.jar;C:\Users\jeffr\.m2\repository\io\micrometer\micrometer-observation\1.16.0\micrometer-observation-1.16.0.jar;C:\Users\jeffr\.m2\repository\io\micrometer\micrometer-commons\1.16.0\micrometer-commons-1.16.0.jar;C:\Users\jeffr\.m2\repository\org\springframework\security\spring-security-web\7.0.0\spring-security-web-7.0.0.jar;C:\Users\jeffr\.m2\repository\org\springframework\spring-core\7.0.1\spring-core-7.0.1.jar;C:\Users\jeffr\.m2\repository\commons-logging\commons-logging\1.3.5\commons-logging-1.3.5.jar;C:\Users\jeffr\.m2\repository\com\h2database\h2\2.4.240\h2-2.4.240.jar;C:\Users\jeffr\.m2\repository\io\jsonwebtoken\jjwt-api\0.11.5\jjwt-api-0.11.5.jar;C:\Users\jeffr\.m2\repository\io\jsonwebtoken\jjwt-impl\0.11.5\jjwt-impl-0.11.5.jar;C:\Users\jeffr\.m2\repository\io\jsonwebtoken\jjwt-jackson\0.11.5\jjwt-jackson-0.11.5.jar;C:\Users\jeffr\.m2\repository\com\fasterxml\jackson\core\jackson-databind\2.20.1\jackson-databind-2.20.1.jar;C:\Users\jeffr\.m2\repository\com\fasterxml\jackson\core\jackson-annotations\2.20\jackson-annotations-2.20.jar;C:\Users\jeffr\.m2\repository\com\fasterxml\jackson\core\jackson-core\2.20.1\jackson-core-2.20.1.jar;C:\Users\jeffr\.m2\repository\org\jspecify\jspecify\1.0.0\jspecify-1.0.0.jar
Launcher Type: SUN_STANDARD

[Global flags]
     intx CICompilerCount                          = 3                                         {product} {ergonomic}
     uint ConcGCThreads                            = 2                                         {product} {ergonomic}
     uint G1ConcRefinementThreads                  = 6                                         {product} {ergonomic}
   size_t G1HeapRegionSize                         = 1048576                                   {product} {ergonomic}
    uintx GCDrainStackTargetSize                   = 64                                        {product} {ergonomic}
   size_t InitialHeapSize                          = 132120576                                 {product} {ergonomic}
     bool ManagementServer                         = true                                      {product} {command line}
   size_t MarkStackSize                            = 4194304                                   {product} {ergonomic}
   size_t MaxHeapSize                              = 2105540608                                {product} {ergonomic}
   size_t MaxNewSize                               = 1262485504                                {product} {ergonomic}
   size_t MinHeapDeltaBytes                        = 1048576                                   {product} {ergonomic}
   size_t MinHeapSize                              = 8388608                                   {product} {ergonomic}
    uintx NonNMethodCodeHeapSize                   = 4096                                   {pd product} {ergonomic}
    uintx NonProfiledCodeHeapSize                  = 0                                      {pd product} {ergonomic}
     bool ProfileInterpreter                       = false                                  {pd product} {command line}
    uintx ProfiledCodeHeapSize                     = 0                                      {pd product} {ergonomic}
   size_t SoftMaxHeapSize                          = 2105540608                             {manageable} {ergonomic}
     intx TieredStopAtLevel                        = 1                                         {product} {command line}
     bool UseCompressedOops                        = true                           {product lp64_product} {ergonomic}
     bool UseG1GC                                  = true                                      {product} {ergonomic}
     bool UseLargePagesIndividualAllocation        = false                                  {pd product} {ergonomic}

Logging:
Log output configuration:
 #0: stdout all=warning uptime,level,tags foldmultilines=false
 #1: stderr all=off uptime,level,tags foldmultilines=false

Environment Variables:
JAVA_HOME=C:\Program Files\Java\jdk-16.0.1
PATH=C:\Windows\system32;C:\Windows;C:\Windows\System32\Wbem;C:\Windows\System32\WindowsPowerShell\v1.0\;C:\Windows\System32\OpenSSH\;C:\Program Files (x86)\NVIDIA Corporation\PhysX\Common;C:\Program Files\NVIDIA Corporation\NVIDIA NvDLISR;C:\WINDOWS\system32;C:\WINDOWS;C:\WINDOWS\System32\Wbem;C:\WINDOWS\System32\WindowsPowerShell\v1.0\;C:\WINDOWS\System32\OpenSSH\;C:\Program Files\Java\jdk-16.0.1\bin;C:\Program Files\dotnet\;C:\Program Files\nodejs\;C:\Program Files\Git\cmd;C:\Users\jeffr\AppData\Local\Microsoft\WindowsApps;C:\Users\jeffr\AppData\Roaming\npm;C:\Users\jeffr\AppData\Local\Microsoft\WinGet\Packages\Schniz.fnm_Microsoft.Winget.Source_8wekyb3d8bbwe;
USERNAME=Helsper
OS=Windows_NT
PROCESSOR_IDENTIFIER=Intel64 Family 6 Model 158 Stepping 13, GenuineIntel
TMP=C:\Users\jeffr\AppData\Local\Temp
TEMP=C:\Users\jeffr\AppData\Local\Temp




Periodic native trim disabled

---------------  S Y S T E M  ---------------

OS:
 Windows 11 , 64 bit Build 26100 (10.0.26100.7920)
OS uptime: 1 days 10:48 hours

CPU: total 6 (initial active 6) (6 cores per cpu, 1 threads per core) family 6 model 158 stepping 13 microcode 0xfa, cx8, cmov, fxsr, mmx, 3dnowpref, sse, sse2, sse3, ssse3, sse4.1, sse4.2, popcnt, lzcnt, tsc, tscinvbit, avx, avx2, aes, erms, clmul, bmi1, bmi2, adx, fma, vzeroupper, clflush, clflushopt, rdtscp, f16c
Processor Information for the first 6 processors :
  Max Mhz: 2904, Current Mhz: 2904, Mhz Limit: 2904

Memory: 4k page, system-wide physical 8028M (851M free)
TotalPageFile size 22909M (AvailPageFile size 19M)
current process WorkingSet (physical memory assigned to process): 243M, peak: 243M
current process commit charge ("private bytes"): 277M, peak: 289M

vm_info: OpenJDK 64-Bit Server VM (21.0.7+6-LTS) for windows-amd64 JRE (21.0.7+6-LTS), built on 2025-04-09T22:17:25Z by "MicrosoftCorporation" with unknown MS VC++:1939

END.
